2020-07-08 16:26:16,216 - citation exporter - INFO - logging to log/citation_export.log
2020-07-08 16:26:45,995 - citation exporter - INFO - logging to log/citation_export.log
2020-07-08 16:26:46,001 - citation exporter - INFO - Chloebia gouldiae as no citation
2020-07-08 16:26:46,003 - citation exporter - INFO - Cyclura cornuta as no citation
2020-07-08 16:26:46,004 - citation exporter - INFO - Equus zebra as no citation
2020-07-08 16:26:46,009 - citation exporter - INFO - Oophaga lehmanni as no citation
2020-07-08 16:26:46,014 - citation exporter - INFO - Rhabdotorrhinus corrugatu as no citation
2020-07-08 16:26:46,015 - citation exporter - INFO - Syrrhaptes paradoxus as no citation
2020-07-08 16:26:46,015 - citation exporter - INFO - Tapicus indicus as no citation
2020-07-08 16:27:29,000 - citation exporter - INFO - logging to log/citation_export.log
2020-07-08 16:27:29,006 - citation exporter - INFO - Chloebia gouldiae as no citation
2020-07-08 16:27:29,008 - citation exporter - INFO - Cyclura cornuta as no citation
2020-07-08 16:27:29,009 - citation exporter - INFO - Equus zebra as no citation
2020-07-08 16:27:29,013 - citation exporter - INFO - Oophaga lehmanni as no citation
2020-07-08 16:27:29,017 - citation exporter - INFO - Rhabdotorrhinus corrugatu as no citation
2020-07-08 16:27:29,018 - citation exporter - INFO - Syrrhaptes paradoxus as no citation
2020-07-08 16:27:29,019 - citation exporter - INFO - Tapicus indicus as no citation
2020-07-08 16:27:36,489 - citation exporter - INFO - logging to log/citation_export.log
2020-07-08 16:27:36,495 - citation exporter - WARNING - Chloebia gouldiae as no citation
2020-07-08 16:27:36,496 - citation exporter - WARNING - Cyclura cornuta as no citation
2020-07-08 16:27:36,497 - citation exporter - WARNING - Equus zebra as no citation
2020-07-08 16:27:36,501 - citation exporter - WARNING - Oophaga lehmanni as no citation
2020-07-08 16:27:36,504 - citation exporter - WARNING - Rhabdotorrhinus corrugatu as no citation
2020-07-08 16:27:36,505 - citation exporter - WARNING - Syrrhaptes paradoxus as no citation
2020-07-08 16:27:36,506 - citation exporter - WARNING - Tapicus indicus as no citation
2020-07-08 16:27:48,748 - citation exporter - INFO - logging to log/citation_export.log
2020-07-08 16:27:48,754 - citation exporter - WARNING - 'Chloebia gouldiae' has no citation
2020-07-08 16:27:48,755 - citation exporter - WARNING - 'Cyclura cornuta' has no citation
2020-07-08 16:27:48,756 - citation exporter - WARNING - 'Equus zebra' has no citation
2020-07-08 16:27:48,761 - citation exporter - WARNING - 'Oophaga lehmanni' has no citation
2020-07-08 16:27:48,764 - citation exporter - WARNING - 'Rhabdotorrhinus corrugatu' has no citation
2020-07-08 16:27:48,765 - citation exporter - WARNING - 'Syrrhaptes paradoxus' has no citation
2020-07-08 16:27:48,765 - citation exporter - WARNING - 'Tapicus indicus' has no citation
2020-07-08 16:28:00,756 - citation exporter - INFO - logging to log/citation_export.log
2020-07-08 16:28:00,762 - citation exporter - WARNING - 'Chloebia gouldiae' has no citation, skipping map
2020-07-08 16:28:00,763 - citation exporter - WARNING - 'Cyclura cornuta' has no citation, skipping map
2020-07-08 16:28:00,764 - citation exporter - WARNING - 'Equus zebra' has no citation, skipping map
2020-07-08 16:28:00,768 - citation exporter - WARNING - 'Oophaga lehmanni' has no citation, skipping map
2020-07-08 16:28:00,771 - citation exporter - WARNING - 'Rhabdotorrhinus corrugatu' has no citation, skipping map
2020-07-08 16:28:00,772 - citation exporter - WARNING - 'Syrrhaptes paradoxus' has no citation, skipping map
2020-07-08 16:28:00,773 - citation exporter - WARNING - 'Tapicus indicus' has no citation, skipping map
2020-07-09 09:40:45,032 - citation exporter - INFO - logging to log/citation_export.log
2020-07-09 09:42:36,130 - citation exporter - INFO - logging to log/citation_export.log
2020-07-09 09:43:00,850 - citation exporter - INFO - logging to log/citation_export.log
2020-07-09 09:43:00,859 - citation exporter - WARNING - 'Chloebia gouldiae' has no citation, skipping map
2020-07-09 09:43:00,860 - citation exporter - WARNING - 'Cyclura cornuta' has no citation, skipping map
2020-07-09 09:43:00,861 - citation exporter - WARNING - 'Equus zebra' has no citation, skipping map
2020-07-09 09:43:00,861 - citation exporter - WARNING - 'Eretmochelys imbricata' has no citation, skipping map
2020-07-09 09:43:00,862 - citation exporter - WARNING - 'Favia favus' has no citation, skipping map
2020-07-09 09:43:00,865 - citation exporter - WARNING - 'Larus ridibundus' has no citation, skipping map
2020-07-09 09:43:00,867 - citation exporter - WARNING - 'Oophaga lehmanni' has no citation, skipping map
2020-07-09 09:43:00,871 - citation exporter - WARNING - 'Rhabdotorrhinus corrugatu' has no citation, skipping map
2020-07-09 09:43:00,872 - citation exporter - WARNING - 'Syrrhaptes paradoxus' has no citation, skipping map
2020-07-09 09:43:00,872 - citation exporter - WARNING - 'Tapicus indicus' has no citation, skipping map
2020-07-09 09:44:12,718 - citation exporter - INFO - logging to log/citation_export.log
2020-07-09 09:44:12,729 - citation exporter - WARNING - 'Chloebia gouldiae' has no citation, skipping map
2020-07-09 09:44:12,730 - citation exporter - WARNING - 'Cyclura cornuta' has no citation, skipping map
2020-07-09 09:44:12,731 - citation exporter - WARNING - 'Equus zebra' has no citation, skipping map
2020-07-09 09:44:12,731 - citation exporter - WARNING - 'Eretmochelys imbricata' has no citation, skipping map
2020-07-09 09:44:12,732 - citation exporter - WARNING - 'Favia favus' has no citation, skipping map
2020-07-09 09:44:12,735 - citation exporter - WARNING - 'Larus ridibundus' has no citation, skipping map
2020-07-09 09:44:12,737 - citation exporter - WARNING - 'Oophaga lehmanni' has no citation, skipping map
2020-07-09 09:44:12,741 - citation exporter - WARNING - 'Rhabdotorrhinus corrugatu' has no citation, skipping map
2020-07-09 09:44:12,742 - citation exporter - WARNING - 'Syrrhaptes paradoxus' has no citation, skipping map
2020-07-09 09:44:12,743 - citation exporter - WARNING - 'Tapicus indicus' has no citation, skipping map
2020-07-09 09:44:12,745 - citation exporter - INFO - exported 1 citations to
2020-07-09 09:44:23,357 - citation exporter - INFO - logging to log/citation_export.log
2020-07-09 09:44:23,363 - citation exporter - WARNING - 'Chloebia gouldiae' has no citation, skipping map
2020-07-09 09:44:23,365 - citation exporter - WARNING - 'Cyclura cornuta' has no citation, skipping map
2020-07-09 09:44:23,366 - citation exporter - WARNING - 'Equus zebra' has no citation, skipping map
2020-07-09 09:44:23,366 - citation exporter - WARNING - 'Eretmochelys imbricata' has no citation, skipping map
2020-07-09 09:44:23,366 - citation exporter - WARNING - 'Favia favus' has no citation, skipping map
2020-07-09 09:44:23,369 - citation exporter - WARNING - 'Larus ridibundus' has no citation, skipping map
2020-07-09 09:44:23,372 - citation exporter - WARNING - 'Oophaga lehmanni' has no citation, skipping map
2020-07-09 09:44:23,376 - citation exporter - WARNING - 'Rhabdotorrhinus corrugatu' has no citation, skipping map
2020-07-09 09:44:23,377 - citation exporter - WARNING - 'Syrrhaptes paradoxus' has no citation, skipping map
2020-07-09 09:44:23,377 - citation exporter - WARNING - 'Tapicus indicus' has no citation, skipping map
2020-07-09 09:44:23,379 - citation exporter - INFO - exported 1 citations to
2020-07-09 09:44:31,563 - citation exporter - INFO - logging to log/citation_export.log
2020-07-09 09:44:31,569 - citation exporter - WARNING - 'Chloebia gouldiae' has no citation, skipping map
2020-07-09 09:44:31,570 - citation exporter - WARNING - 'Cyclura cornuta' has no citation, skipping map
2020-07-09 09:44:31,572 - citation exporter - WARNING - 'Equus zebra' has no citation, skipping map
2020-07-09 09:44:31,572 - citation exporter - WARNING - 'Eretmochelys imbricata' has no citation, skipping map
2020-07-09 09:44:31,572 - citation exporter - WARNING - 'Favia favus' has no citation, skipping map
2020-07-09 09:44:31,574 - citation exporter - WARNING - 'Larus ridibundus' has no citation, skipping map
2020-07-09 09:44:31,577 - citation exporter - WARNING - 'Oophaga lehmanni' has no citation, skipping map
2020-07-09 09:44:31,580 - citation exporter - WARNING - 'Rhabdotorrhinus corrugatu' has no citation, skipping map
2020-07-09 09:44:31,582 - citation exporter - WARNING - 'Syrrhaptes paradoxus' has no citation, skipping map
2020-07-09 09:44:31,582 - citation exporter - WARNING - 'Tapicus indicus' has no citation, skipping map
2020-07-09 09:44:31,584 - citation exporter - INFO - exported 455 citations to
2020-07-09 09:44:41,676 - citation exporter - INFO - logging to log/citation_export.log
2020-07-09 09:44:41,683 - citation exporter - WARNING - 'Chloebia gouldiae' has no citation, skipping map
2020-07-09 09:44:41,684 - citation exporter - WARNING - 'Cyclura cornuta' has no citation, skipping map
2020-07-09 09:44:41,685 - citation exporter - WARNING - 'Equus zebra' has no citation, skipping map
2020-07-09 09:44:41,686 - citation exporter - WARNING - 'Eretmochelys imbricata' has no citation, skipping map
2020-07-09 09:44:41,686 - citation exporter - WARNING - 'Favia favus' has no citation, skipping map
2020-07-09 09:44:41,689 - citation exporter - WARNING - 'Larus ridibundus' has no citation, skipping map
2020-07-09 09:44:41,691 - citation exporter - WARNING - 'Oophaga lehmanni' has no citation, skipping map
2020-07-09 09:44:41,695 - citation exporter - WARNING - 'Rhabdotorrhinus corrugatu' has no citation, skipping map
2020-07-09 09:44:41,697 - citation exporter - WARNING - 'Syrrhaptes paradoxus' has no citation, skipping map
2020-07-09 09:44:41,697 - citation exporter - WARNING - 'Tapicus indicus' has no citation, skipping map
2020-07-09 09:44:41,699 - citation exporter - INFO - exported 455 citations to taxonlists/maps.csv
2020-07-09 09:45:37,966 - citation exporter - INFO - logging to log/citation_export.log
2020-07-09 09:45:37,973 - citation exporter - WARNING - 'Chloebia gouldiae' has no citation, skipping map
2020-07-09 09:45:37,974 - citation exporter - WARNING - 'Cyclura cornuta' has no citation, skipping map
2020-07-09 09:45:37,976 - citation exporter - WARNING - 'Equus zebra' has no citation, skipping map
2020-07-09 09:45:37,976 - citation exporter - WARNING - 'Eretmochelys imbricata' has no citation, skipping map
2020-07-09 09:45:37,976 - citation exporter - WARNING - 'Favia favus' has no citation, skipping map
2020-07-09 09:45:37,978 - citation exporter - WARNING - 'Larus ridibundus' has no citation, skipping map
2020-07-09 09:45:37,982 - citation exporter - WARNING - 'Oophaga lehmanni' has no citation, skipping map
2020-07-09 09:45:37,986 - citation exporter - WARNING - 'Rhabdotorrhinus corrugatu' has no citation, skipping map
2020-07-09 09:45:37,987 - citation exporter - WARNING - 'Syrrhaptes paradoxus' has no citation, skipping map
2020-07-09 09:45:37,988 - citation exporter - WARNING - 'Tapicus indicus' has no citation, skipping map
2020-07-09 09:45:37,989 - citation exporter - INFO - exported 455 citations of 465 to to taxonlists/maps.csv
2020-07-09 09:46:10,798 - citation exporter - INFO - logging to log/citation_export.log
2020-07-09 09:46:10,806 - citation exporter - WARNING - 'Chloebia gouldiae' has no citation, skipping map
2020-07-09 09:46:10,808 - citation exporter - WARNING - 'Cyclura cornuta' has no citation, skipping map
2020-07-09 09:46:10,809 - citation exporter - WARNING - 'Equus zebra' has no citation, skipping map
2020-07-09 09:46:10,809 - citation exporter - WARNING - 'Eretmochelys imbricata' has no citation, skipping map
2020-07-09 09:46:10,809 - citation exporter - WARNING - 'Favia favus' has no citation, skipping map
2020-07-09 09:46:10,812 - citation exporter - WARNING - 'Larus ridibundus' has no citation, skipping map
2020-07-09 09:46:10,815 - citation exporter - WARNING - 'Oophaga lehmanni' has no citation, skipping map
2020-07-09 09:46:10,819 - citation exporter - WARNING - 'Rhabdotorrhinus corrugatu' has no citation, skipping map
2020-07-09 09:46:10,820 - citation exporter - WARNING - 'Syrrhaptes paradoxus' has no citation, skipping map
2020-07-09 09:46:10,821 - citation exporter - WARNING - 'Tapicus indicus' has no citation, skipping map
2020-07-09 09:46:10,822 - citation exporter - INFO - exported 455 citations of 465 to taxonlists/maps.csv (skipped 10)
2020-07-09 10:15:58,638 - citation exporter - INFO - logging to log/citation_export.log
2020-07-09 10:16:08,753 - citation exporter - INFO - logging to log/citation_export.log
2020-07-09 10:16:08,760 - citation exporter - WARNING - 'Cyclura cornuta' has no citation, skipping map
2020-07-09 10:16:08,766 - citation exporter - WARNING - 'Oophaga lehmanni' has no citation, skipping map
2020-07-09 10:16:08,771 - citation exporter - WARNING - 'Tapicus indicus' has no citation, skipping map
2020-07-09 10:16:08,773 - citation exporter - INFO - exported 462 citations of 465 to taxonlists/maps.csv (skipped 3)
2020-07-09 11:29:15,811 - citation exporter - INFO - logging to log/citation_export.log
2020-07-09 11:29:15,822 - citation exporter - WARNING - 'Cyclura cornuta' has no citation, skipping map
2020-07-09 11:29:15,836 - citation exporter - WARNING - 'Oophaga lehmanni' has no citation, skipping map
2020-07-09 11:29:15,848 - citation exporter - WARNING - 'Tapicus indicus' has no citation, skipping map
2020-07-09 11:29:15,852 - citation exporter - INFO - exported 462 citations of 465 to taxonlists/maps.csv (skipped 3)
2020-07-09 11:31:14,164 - citation exporter - INFO - logging to log/citation_export.log
2020-07-09 11:31:14,176 - citation exporter - WARNING - 'Cyclura cornuta' has no citation, skipping map
2020-07-09 11:31:14,185 - citation exporter - WARNING - 'Oophaga lehmanni' has no citation, skipping map
2020-07-09 11:31:14,191 - citation exporter - WARNING - 'Tapicus indicus' has no citation, skipping map
2020-07-09 11:31:14,193 - citation exporter - INFO - exported 462 citations of 465 to taxonlists/maps.csv (skipped 3)
2020-07-09 11:35:28,335 - citation exporter - INFO - logging to log/citation_export.log
2020-07-09 11:35:28,345 - citation exporter - WARNING - 'Cyclura cornuta' has no citation, skipping map
2020-07-09 11:35:28,353 - citation exporter - WARNING - 'Oophaga lehmanni' has no citation, skipping map
2020-07-09 11:35:28,359 - citation exporter - WARNING - 'Tapicus indicus' has no citation, skipping map
2020-07-09 11:35:28,361 - citation exporter - INFO - exported 462 citations of 465 to taxonlists/maps.csv (skipped 3)
2020-07-09 14:14:47,446 - citation exporter - INFO - logging to log/citation_export.log
2020-07-09 14:14:47,456 - citation exporter - WARNING - 'Cyclura cornuta' has no citation, skipping map
2020-07-09 14:14:47,464 - citation exporter - WARNING - 'Oophaga lehmanni' has no citation, skipping map
2020-07-09 14:14:47,468 - citation exporter - WARNING - 'Tapicus indicus' has no citation, skipping map
2020-07-09 14:14:47,470 - citation exporter - INFO - exported 462 citations of 465 to taxonlists/weg.csv (skipped 3)
2020-07-09 14:54:06,483 - citation exporter - INFO - logging to log/citation_export.log
2020-07-09 14:54:06,491 - citation exporter - WARNING - 'Cyclura cornuta' has no citation, skipping map
2020-07-09 14:54:06,499 - citation exporter - WARNING - 'Oophaga lehmanni' has no citation, skipping map
2020-07-09 14:54:06,504 - citation exporter - WARNING - 'Tapicus indicus' has no citation, skipping map
2020-07-09 14:54:06,505 - citation exporter - INFO - exported 460 citations of 463 to taxonlists/maps.csv (skipped 3)
2020-07-09 15:00:47,600 - citation exporter - INFO - logging to log/citation_export.log
2020-07-09 15:00:47,608 - citation exporter - WARNING - 'Cyclura cornuta' has no citation, skipping map
2020-07-09 15:00:47,616 - citation exporter - WARNING - 'Oophaga lehmanni' has no citation, skipping map
2020-07-09 15:00:47,624 - citation exporter - INFO - exported 461 citations of 463 to taxonlists/maps.csv (skipped 2)
